0 info it worked if it ends with ok
1 verbose cli [ 'node', '/usr/local/bin/npm', 'install', '-g', 'less' ]
2 info using npm@1.1.69
3 info using node@v0.8.16
4 verbose read json /usr/local/lib/package.json
5 verbose read json /usr/local/lib/package.json
6 verbose cache add [ 'less', null ]
7 silly cache add name=undefined spec="less" args=["less",null]
8 verbose parsed url { pathname: 'less', path: 'less', href: 'less' }
9 silly lockFile 0b439cf4-less less
10 verbose lock less /Users/tsifi89/.npm/0b439cf4-less.lock
11 silly lockFile 0b439cf4-less less
12 verbose addNamed [ 'less', '' ]
13 verbose addNamed [ null, '' ]
14 silly lockFile e13833ab-less less@
15 verbose lock less@ /Users/tsifi89/.npm/e13833ab-less.lock
16 silly addNameRange { name: 'less', range: '', hasData: false }
17 verbose url raw less
18 verbose url resolving [ 'https://registry.npmjs.org/', './less' ]
19 verbose url resolved https://registry.npmjs.org/less
20 info trying registry request attempt 1 at 12:34:08
21 verbose etag "YY081YVTTZ48L2GELODQ7VC5"
22 http GET https://registry.npmjs.org/less
23 http 304 https://registry.npmjs.org/less
24 silly registry.get cb [ 304,
24 silly registry.get   { server: 'CouchDB/1.2.1 (Erlang OTP/R15B03)',
24 silly registry.get     etag: '"YY081YVTTZ48L2GELODQ7VC5"',
24 silly registry.get     date: 'Thu, 21 Mar 2013 11:34:06 GMT',
24 silly registry.get     'content-length': '0' } ]
25 verbose etag less from cache
26 silly addNameRange number 2 { name: 'less', range: '', hasData: true }
27 silly addNameRange versions [ 'less',
27 silly addNameRange   [ '1.0.10',
27 silly addNameRange     '1.0.11',
27 silly addNameRange     '1.0.14',
27 silly addNameRange     '1.0.18',
27 silly addNameRange     '1.0.19',
27 silly addNameRange     '1.0.21',
27 silly addNameRange     '1.0.32',
27 silly addNameRange     '1.0.36',
27 silly addNameRange     '1.0.5',
27 silly addNameRange     '1.0.40',
27 silly addNameRange     '1.0.41',
27 silly addNameRange     '1.0.44',
27 silly addNameRange     '1.1.0',
27 silly addNameRange     '1.1.1',
27 silly addNameRange     '1.1.2',
27 silly addNameRange     '1.1.4',
27 silly addNameRange     '1.1.5',
27 silly addNameRange     '1.1.6',
27 silly addNameRange     '1.2.0',
27 silly addNameRange     '1.2.1',
27 silly addNameRange     '1.2.2',
27 silly addNameRange     '1.3.0',
27 silly addNameRange     '1.3.1',
27 silly addNameRange     '1.3.2',
27 silly addNameRange     '1.3.3',
27 silly addNameRange     '1.4.0-b1',
27 silly addNameRange     '1.4.0-b2' ] ]
28 verbose addNamed [ 'less', '1.3.3' ]
29 verbose addNamed [ '1.3.3', '1.3.3' ]
30 silly lockFile fcd40bce-less-1-3-3 less@1.3.3
31 verbose lock less@1.3.3 /Users/tsifi89/.npm/fcd40bce-less-1-3-3.lock
32 verbose read json /Users/tsifi89/.npm/less/1.3.3/package/package.json
33 silly lockFile fcd40bce-less-1-3-3 less@1.3.3
34 silly lockFile e13833ab-less less@
35 silly resolved [ { name: 'less',
35 silly resolved     description: 'Leaner CSS',
35 silly resolved     homepage: 'http://lesscss.org',
35 silly resolved     keywords: [ 'css', 'parser', 'lesscss', 'browser' ],
35 silly resolved     author: { name: 'Alexis Sellier', email: 'self@cloudhead.net' },
35 silly resolved     contributors: [],
35 silly resolved     version: '1.3.3',
35 silly resolved     bin: { lessc: './bin/lessc' },
35 silly resolved     main: './lib/less/index',
35 silly resolved     directories: { test: './test' },
35 silly resolved     engines: { node: '>=0.4.2' },
35 silly resolved     optionalDependencies: { ycssmin: '>=1.0.1' },
35 silly resolved     devDependencies: { diff: '~1.0' },
35 silly resolved     scripts: { test: 'make test' },
35 silly resolved     bugs: { url: 'https://github.com/cloudhead/less.js/issues' },
35 silly resolved     repository: { type: 'git', url: 'https://github.com/cloudhead/less.js.git' },
35 silly resolved     readme: 'less.js\n=======\n\nThe **dynamic** stylesheet language.\n\n<http://lesscss.org>\n\nabout\n-----\n\nThis is the JavaScript, and now official, stable version of LESS.\n\nFor more information, visit <http://lesscss.org>.\n\nlicense\n-------\n\nSee `LICENSE` file.\n\n> Copyright (c) 2009-2011 Alexis Sellier\n',
35 silly resolved     readmeFilename: 'README.md',
35 silly resolved     _id: 'less@1.3.3',
35 silly resolved     dependencies: { ycssmin: '>=1.0.1' },
35 silly resolved     _from: 'less' } ]
36 info install less@1.3.3 into /usr/local/lib
37 info installOne less@1.3.3
38 verbose from cache /Users/tsifi89/.npm/less/1.3.3/package/package.json
39 info /usr/local/lib/node_modules/less unbuild
40 verbose read json /usr/local/lib/node_modules/less/package.json
41 verbose tar unpack /Users/tsifi89/.npm/less/1.3.3/package.tgz
42 silly lockFile c2213c90-usr-local-lib-node-modules-less /usr/local/lib/node_modules/less
43 verbose lock /usr/local/lib/node_modules/less /Users/tsifi89/.npm/c2213c90-usr-local-lib-node-modules-less.lock
44 silly gunzTarPerm modes [ '755', '644' ]
45 silly gunzTarPerm extractEntry package.json
46 silly gunzTarPerm extractEntry .npmignore
47 silly gunzTarPerm extractEntry README.md
48 silly gunzTarPerm extractEntry LICENSE
49 silly gunzTarPerm extractEntry CHANGELOG.md
50 silly gunzTarPerm extractEntry CONTRIBUTING.md
51 silly gunzTarPerm extractEntry benchmark/less-benchmark.js
52 silly gunzTarPerm extractEntry benchmark/benchmark.less
53 silly gunzTarPerm extractEntry test/browser-test-prepare.js
54 silly gunzTarPerm extractEntry test/less-test.js
55 silly gunzTarPerm extractEntry test/browser/common.js
56 silly gunzTarPerm extractEntry test/browser/jasmine-html.js
57 silly gunzTarPerm extractEntry test/browser/runner-rootpath.js
58 silly gunzTarPerm extractEntry test/browser/jasmine.js
59 silly gunzTarPerm extractEntry test/browser/runner-rootpath-relative.js
60 silly gunzTarPerm extractEntry test/browser/runner-relative-urls.js
61 silly gunzTarPerm extractEntry test/browser/runner-browser.js
62 silly gunzTarPerm extractEntry test/browser/runner-main.js
63 silly gunzTarPerm extractEntry test/browser/phantom-runner.js
64 silly gunzTarPerm extractEntry test/browser/css/relative-urls/urls.css
65 silly gunzTarPerm extractEntry test/browser/css/rootpath/urls.css
66 silly gunzTarPerm extractEntry test/browser/css/rootpath-relative/urls.css
67 silly gunzTarPerm extractEntry test/browser/css/urls.css
68 silly gunzTarPerm extractEntry test/browser/less/imports/urls.less
69 silly gunzTarPerm extractEntry test/browser/less/imports/urls2.less
70 silly gunzTarPerm extractEntry test/browser/less/relative-urls/urls.less
71 silly gunzTarPerm extractEntry test/browser/less/rootpath/urls.less
72 silly gunzTarPerm extractEntry test/browser/less/rootpath-relative/urls.less
73 silly gunzTarPerm extractEntry test/browser/less/urls.less
74 silly gunzTarPerm extractEntry test/browser/jasmine.css
75 silly gunzTarPerm extractEntry test/browser/template.htm
76 silly gunzTarPerm extractEntry test/css/mixins-guards.css
77 silly gunzTarPerm extractEntry test/css/charsets.css
78 silly gunzTarPerm extractEntry test/css/comments.css
79 silly gunzTarPerm extractEntry test/css/css-3.css
80 silly gunzTarPerm extractEntry test/css/css-escapes.css
81 silly gunzTarPerm extractEntry test/css/css.css
82 silly gunzTarPerm extractEntry test/css/debug/linenumbers-all.css
83 silly gunzTarPerm extractEntry test/css/debug/linenumbers-comments.css
84 silly gunzTarPerm extractEntry test/css/debug/linenumbers-mediaquery.css
85 silly gunzTarPerm extractEntry test/css/functions.css
86 silly gunzTarPerm extractEntry test/css/ie-filters.css
87 silly gunzTarPerm extractEntry test/css/import-once.css
88 silly gunzTarPerm extractEntry test/css/import.css
89 silly gunzTarPerm extractEntry test/css/javascript.css
90 silly gunzTarPerm extractEntry test/css/lazy-eval.css
91 silly gunzTarPerm extractEntry test/css/media.css
92 silly gunzTarPerm extractEntry test/css/mixins-args.css
93 silly gunzTarPerm extractEntry test/css/mixins-closure.css
94 silly gunzTarPerm extractEntry test/css/colors.css
95 silly gunzTarPerm extractEntry test/css/mixins-important.css
96 silly gunzTarPerm extractEntry test/css/mixins-named-args.css
97 silly gunzTarPerm extractEntry test/css/mixins-nested.css
98 silly gunzTarPerm extractEntry test/css/mixins-pattern.css
99 silly gunzTarPerm extractEntry test/css/mixins.css
100 silly gunzTarPerm extractEntry test/css/operations.css
101 silly gunzTarPerm extractEntry test/css/parens.css
102 silly gunzTarPerm extractEntry test/css/rulesets.css
103 silly gunzTarPerm extractEntry test/css/scope.css
104 silly gunzTarPerm extractEntry test/css/selectors.css
105 silly gunzTarPerm extractEntry test/css/static-urls/urls.css
106 silly gunzTarPerm extractEntry test/css/strings.css
107 silly gunzTarPerm extractEntry test/css/urls.css
108 silly gunzTarPerm extractEntry test/css/variables.css
109 silly gunzTarPerm extractEntry test/css/whitespace.css
110 silly gunzTarPerm extractEntry test/less/mixins-closure.less
111 silly gunzTarPerm extractEntry test/less/charsets.less
112 silly gunzTarPerm extractEntry test/less/comments.less
113 silly gunzTarPerm extractEntry test/less/css-3.less
114 silly gunzTarPerm extractEntry test/less/css-escapes.less
115 silly gunzTarPerm extractEntry test/less/css.less
116 silly gunzTarPerm extractEntry test/less/debug/import/test.less
117 silly gunzTarPerm extractEntry test/less/debug/linenumbers.less
118 silly gunzTarPerm extractEntry test/less/errors/mixed-mixin-definition-args-2.less
119 silly gunzTarPerm extractEntry test/less/errors/bad-variable-declaration1.less
120 silly gunzTarPerm extractEntry test/less/errors/comment-in-selector.less
121 silly gunzTarPerm extractEntry test/less/errors/comment-in-selector.txt
122 silly gunzTarPerm extractEntry test/less/errors/import-missing.less
123 silly gunzTarPerm extractEntry test/less/errors/import-missing.txt
124 silly gunzTarPerm extractEntry test/less/errors/import-no-semi.less
125 silly gunzTarPerm extractEntry test/less/errors/import-no-semi.txt
126 silly gunzTarPerm extractEntry test/less/errors/import-subfolder1.less
127 silly gunzTarPerm extractEntry test/less/errors/import-subfolder1.txt
128 silly gunzTarPerm extractEntry test/less/errors/import-subfolder2.less
129 silly gunzTarPerm extractEntry test/less/errors/import-subfolder2.txt
130 silly gunzTarPerm extractEntry test/less/errors/imports/import-subfolder1.less
131 silly gunzTarPerm extractEntry test/less/errors/imports/import-subfolder2.less
132 silly gunzTarPerm extractEntry test/less/errors/imports/import-test.less
133 silly gunzTarPerm extractEntry test/less/errors/imports/subfolder/mixin-not-defined.less
134 silly gunzTarPerm extractEntry test/less/errors/imports/subfolder/parse-error-curly-bracket.less
135 silly gunzTarPerm extractEntry test/less/errors/javascript-error.less
136 silly gunzTarPerm extractEntry test/less/errors/javascript-error.txt
137 silly gunzTarPerm extractEntry test/less/errors/mixed-mixin-definition-args-1.less
138 silly gunzTarPerm extractEntry test/less/errors/mixed-mixin-definition-args-1.txt
139 silly gunzTarPerm extractEntry test/less/errors/bad-variable-declaration1.txt
140 silly gunzTarPerm extractEntry test/less/errors/mixed-mixin-definition-args-2.txt
141 silly gunzTarPerm extractEntry test/less/errors/mixin-not-defined.less
142 silly gunzTarPerm extractEntry test/less/errors/mixin-not-defined.txt
143 silly gunzTarPerm extractEntry test/less/errors/mixin-not-matched.less
144 silly gunzTarPerm extractEntry test/less/errors/mixin-not-matched.txt
145 silly gunzTarPerm extractEntry test/less/errors/mixin-not-matched2.less
146 silly gunzTarPerm extractEntry test/less/errors/mixin-not-matched2.txt
147 silly gunzTarPerm extractEntry test/less/errors/parse-error-curly-bracket.less
148 silly gunzTarPerm extractEntry test/less/errors/parse-error-curly-bracket.txt
149 silly gunzTarPerm extractEntry test/less/errors/parse-error-missing-bracket.less
150 silly gunzTarPerm extractEntry test/less/errors/parse-error-missing-bracket.txt
151 silly gunzTarPerm extractEntry test/less/errors/parse-error-with-import.less
152 silly gunzTarPerm extractEntry test/less/errors/parse-error-with-import.txt
153 silly gunzTarPerm extractEntry test/less/errors/property-ie5-hack.less
154 silly gunzTarPerm extractEntry test/less/errors/property-ie5-hack.txt
155 silly gunzTarPerm extractEntry test/less/errors/recursive-variable.less
156 silly gunzTarPerm extractEntry test/less/errors/recursive-variable.txt
157 silly gunzTarPerm extractEntry test/less/functions.less
158 silly gunzTarPerm extractEntry test/less/ie-filters.less
159 silly gunzTarPerm extractEntry test/less/import/import-test-b.less
160 silly gunzTarPerm extractEntry test/less/import/deeper/import-once-test-a.less
161 silly gunzTarPerm extractEntry test/less/import/import-charset-test.less
162 silly gunzTarPerm extractEntry test/less/import/import-once-test-c.less
163 silly gunzTarPerm extractEntry test/less/import/import-test-a.less
164 silly gunzTarPerm extractEntry test/less/import/import-and-relative-paths-test.less
165 silly gunzTarPerm extractEntry test/less/import/import-test-c.less
166 silly gunzTarPerm extractEntry test/less/import/import-test-d.css
167 silly gunzTarPerm extractEntry test/less/import/import-test-e.less
168 silly gunzTarPerm extractEntry test/less/import/imports/font.less
169 silly gunzTarPerm extractEntry test/less/import/imports/logo.less
170 silly gunzTarPerm extractEntry test/less/import/urls.less
171 silly gunzTarPerm extractEntry test/less/import-once.less
172 silly gunzTarPerm extractEntry test/less/import.less
173 silly gunzTarPerm extractEntry test/less/javascript.less
174 silly gunzTarPerm extractEntry test/less/lazy-eval.less
175 silly gunzTarPerm extractEntry test/less/media.less
176 silly gunzTarPerm extractEntry test/less/mixins-args.less
177 silly gunzTarPerm extractEntry test/less/colors.less
178 silly gunzTarPerm extractEntry test/less/mixins-guards.less
179 silly gunzTarPerm extractEntry test/less/mixins-important.less
180 silly gunzTarPerm extractEntry test/less/mixins-named-args.less
181 silly gunzTarPerm extractEntry test/less/mixins-nested.less
182 silly gunzTarPerm extractEntry test/less/mixins-pattern.less
183 silly gunzTarPerm extractEntry test/less/mixins.less
184 silly gunzTarPerm extractEntry test/less/operations.less
185 silly gunzTarPerm extractEntry test/less/parens.less
186 silly gunzTarPerm extractEntry test/less/rulesets.less
187 silly gunzTarPerm extractEntry test/less/scope.less
188 silly gunzTarPerm extractEntry test/less/selectors.less
189 silly gunzTarPerm extractEntry test/less/static-urls/urls.less
190 silly gunzTarPerm extractEntry test/less/strings.less
191 silly gunzTarPerm extractEntry test/less/urls.less
192 silly gunzTarPerm extractEntry test/less/variables.less
193 silly gunzTarPerm extractEntry test/less/whitespace.less
194 silly gunzTarPerm extractEntry Makefile
195 silly gunzTarPerm extractEntry bin/lessc
196 silly gunzTarPerm extractEntry build/amd.js
197 silly gunzTarPerm extractEntry build/ecma-5.js
198 silly gunzTarPerm extractEntry build/header.js
199 silly gunzTarPerm extractEntry build/require-rhino.js
200 silly gunzTarPerm extractEntry build/require.js
201 silly gunzTarPerm extractEntry lib/less/browser.js
202 silly gunzTarPerm extractEntry lib/less/colors.js
203 silly gunzTarPerm extractEntry lib/less/functions.js
204 silly gunzTarPerm extractEntry lib/less/index.js
205 silly gunzTarPerm extractEntry lib/less/lessc_helper.js
206 silly gunzTarPerm extractEntry lib/less/parser.js
207 silly gunzTarPerm extractEntry lib/less/rhino.js
208 silly gunzTarPerm extractEntry lib/less/tree.js
209 silly gunzTarPerm extractEntry lib/less/tree/alpha.js
210 silly gunzTarPerm extractEntry lib/less/tree/expression.js
211 silly gunzTarPerm extractEntry lib/less/tree/import.js
212 silly gunzTarPerm extractEntry lib/less/tree/javascript.js
213 silly gunzTarPerm extractEntry lib/less/tree/element.js
214 silly gunzTarPerm extractEntry lib/less/tree/media.js
215 silly gunzTarPerm extractEntry lib/less/tree/mixin.js
216 silly gunzTarPerm extractEntry lib/less/tree/operation.js
217 silly gunzTarPerm extractEntry lib/less/tree/paren.js
218 silly gunzTarPerm extractEntry lib/less/tree/quoted.js
219 silly gunzTarPerm extractEntry lib/less/tree/directive.js
220 silly gunzTarPerm extractEntry lib/less/tree/ratio.js
221 silly gunzTarPerm extractEntry lib/less/tree/dimension.js
222 silly gunzTarPerm extractEntry lib/less/tree/rule.js
223 silly gunzTarPerm extractEntry lib/less/tree/condition.js
224 silly gunzTarPerm extractEntry lib/less/tree/ruleset.js
225 silly gunzTarPerm extractEntry lib/less/tree/comment.js
226 silly gunzTarPerm extractEntry lib/less/tree/selector.js
227 silly gunzTarPerm extractEntry lib/less/tree/color.js
228 silly gunzTarPerm extractEntry lib/less/tree/unicode-descriptor.js
229 silly gunzTarPerm extractEntry lib/less/tree/call.js
230 silly gunzTarPerm extractEntry lib/less/tree/url.js
231 silly gunzTarPerm extractEntry lib/less/tree/assignment.js
232 silly gunzTarPerm extractEntry lib/less/tree/value.js
233 silly gunzTarPerm extractEntry lib/less/tree/anonymous.js
234 silly gunzTarPerm extractEntry lib/less/tree/variable.js
235 silly gunzTarPerm extractEntry lib/less/tree/keyword.js
236 verbose read json /usr/local/lib/node_modules/less/package.json
237 silly lockFile c2213c90-usr-local-lib-node-modules-less /usr/local/lib/node_modules/less
238 info preinstall less@1.3.3
239 verbose from cache /usr/local/lib/node_modules/less/package.json
240 verbose readDependencies using package.json deps
241 verbose from cache /usr/local/lib/node_modules/less/package.json
242 verbose readDependencies using package.json deps
243 verbose cache add [ 'ycssmin@>=1.0.1', null ]
244 silly cache add name=undefined spec="ycssmin@>=1.0.1" args=["ycssmin@>=1.0.1",null]
245 verbose parsed url { pathname: 'ycssmin@%3E=1.0.1',
245 verbose parsed url   path: 'ycssmin@%3E=1.0.1',
245 verbose parsed url   href: 'ycssmin@%3E=1.0.1' }
246 silly cache add name="ycssmin" spec=">=1.0.1" args=["ycssmin",">=1.0.1"]
247 verbose parsed url { pathname: '%3E=1.0.1', path: '%3E=1.0.1', href: '%3E=1.0.1' }
248 verbose addNamed [ 'ycssmin', '>=1.0.1' ]
249 verbose addNamed [ null, '>=1.0.1' ]
250 silly lockFile 4d453523-ycssmin-1-0-1 ycssmin@>=1.0.1
251 verbose lock ycssmin@>=1.0.1 /Users/tsifi89/.npm/4d453523-ycssmin-1-0-1.lock
252 silly addNameRange { name: 'ycssmin', range: '>=1.0.1', hasData: false }
253 verbose url raw ycssmin
254 verbose url resolving [ 'https://registry.npmjs.org/', './ycssmin' ]
255 verbose url resolved https://registry.npmjs.org/ycssmin
256 info trying registry request attempt 1 at 12:34:20
257 http GET https://registry.npmjs.org/ycssmin
258 http 200 https://registry.npmjs.org/ycssmin
259 silly registry.get cb [ 200,
259 silly registry.get   { vary: 'Accept',
259 silly registry.get     server: 'CouchDB/1.2.1 (Erlang OTP/R15B03)',
259 silly registry.get     etag: '"AJ58MEOOGTYD26KGLQCF0LRDP"',
259 silly registry.get     date: 'Thu, 21 Mar 2013 11:34:17 GMT',
259 silly registry.get     'content-type': 'application/json',
259 silly registry.get     'content-length': '12720' } ]
260 silly addNameRange number 2 { name: 'ycssmin', range: '>=1.0.1', hasData: true }
261 silly addNameRange versions [ 'ycssmin', [ '1.0.0', '1.0.1' ] ]
262 verbose addNamed [ 'ycssmin', '1.0.1' ]
263 verbose addNamed [ '1.0.1', '1.0.1' ]
264 silly lockFile 5f8c430f-ycssmin-1-0-1 ycssmin@1.0.1
265 verbose lock ycssmin@1.0.1 /Users/tsifi89/.npm/5f8c430f-ycssmin-1-0-1.lock
266 silly lockFile e195d24c-js-org-ycssmin-ycssmin-1-0-1-tgz https://registry.npmjs.org/ycssmin/-/ycssmin-1.0.1.tgz
267 verbose lock https://registry.npmjs.org/ycssmin/-/ycssmin-1.0.1.tgz /Users/tsifi89/.npm/e195d24c-js-org-ycssmin-ycssmin-1-0-1-tgz.lock
268 verbose addRemoteTarball [ 'https://registry.npmjs.org/ycssmin/-/ycssmin-1.0.1.tgz',
268 verbose addRemoteTarball   '7cdde8db78cfab00d2901c3b2301e304faf4df16' ]
269 info retry fetch attempt 1 at 12:34:21
270 verbose fetch to= /Users/tsifi89/tmp/npm-14192/1363865661167-0.7127385442145169/tmp.tgz
271 http GET https://registry.npmjs.org/ycssmin/-/ycssmin-1.0.1.tgz
272 http 200 https://registry.npmjs.org/ycssmin/-/ycssmin-1.0.1.tgz
273 silly shasum updated bytes 40960
274 silly shasum updated bytes 40960
275 silly shasum updated bytes 40960
276 silly shasum updated bytes 40960
277 silly shasum updated bytes 40960
278 silly shasum updated bytes 40960
279 silly shasum updated bytes 225
280 info shasum 7cdde8db78cfab00d2901c3b2301e304faf4df16
280 info shasum /Users/tsifi89/tmp/npm-14192/1363865661167-0.7127385442145169/tmp.tgz
281 verbose tar unpack /Users/tsifi89/tmp/npm-14192/1363865661167-0.7127385442145169/tmp.tgz
282 silly lockFile 7ff390c8-61167-0-7127385442145169-package /Users/tsifi89/tmp/npm-14192/1363865661167-0.7127385442145169/package
283 verbose lock /Users/tsifi89/tmp/npm-14192/1363865661167-0.7127385442145169/package /Users/tsifi89/.npm/7ff390c8-61167-0-7127385442145169-package.lock
284 silly gunzTarPerm modes [ '755', '644' ]
285 silly gunzTarPerm extractEntry package.json
286 silly gunzTarPerm extractEntry .npmignore
287 silly gunzTarPerm extractEntry README.md
288 silly gunzTarPerm extractEntry LICENSE
289 silly gunzTarPerm extractEntry cssmin.js
290 silly gunzTarPerm extractEntry .travis.yml
291 silly gunzTarPerm extractEntry Makefile
292 silly gunzTarPerm extractEntry tests/tests.js
293 silly gunzTarPerm extractEntry tests/files/bug2527974.css
294 silly gunzTarPerm extractEntry tests/files/dataurl-realdata-yuiapp.css.min
295 silly gunzTarPerm extractEntry tests/files/dataurl-base64-singlequotes.css.min
296 silly gunzTarPerm extractEntry tests/files/dataurl-base64-eof.css
297 silly gunzTarPerm extractEntry tests/files/color.css.min
298 silly gunzTarPerm extractEntry tests/files/bug2527991.css.min
299 silly gunzTarPerm extractEntry tests/files/dataurl-realdata-singlequotes.css.min
300 silly gunzTarPerm extractEntry tests/files/font-face.css
301 silly gunzTarPerm extractEntry tests/files/dataurl-base64-singlequotes.css
302 silly gunzTarPerm extractEntry tests/files/dataurl-realdata-doublequotes.css
303 silly gunzTarPerm extractEntry tests/files/bug2528034.css.min
304 silly gunzTarPerm extractEntry tests/files/border-none.css
305 silly gunzTarPerm extractEntry tests/files/dataurl-realdata-doublequotes.css.min
306 silly gunzTarPerm extractEntry tests/files/dataurl-singlequote-font.css
307 silly gunzTarPerm extractEntry tests/files/media-empty-class.css
308 silly gunzTarPerm extractEntry tests/files/background-position.css
309 silly gunzTarPerm extractEntry tests/files/special-comments.css.min
310 silly gunzTarPerm extractEntry tests/files/webkit-transform.css.min
311 silly gunzTarPerm extractEntry tests/files/dataurl-base64-twourls.css
312 silly gunzTarPerm extractEntry tests/files/media-test.css
313 silly gunzTarPerm extractEntry tests/files/preserve-strings.css.min
314 silly gunzTarPerm extractEntry tests/files/dataurl-nonbase64-singlequotes.css
315 silly gunzTarPerm extractEntry tests/files/dataurl-nonbase64-noquotes.css.min
316 silly gunzTarPerm extractEntry tests/files/pseudo-first.css.min
317 silly gunzTarPerm extractEntry tests/files/opacity-filter.css.min
318 silly gunzTarPerm extractEntry tests/files/dollar-header.css.min
319 silly gunzTarPerm extractEntry tests/files/dataurl-realdata-noquotes.css
320 silly gunzTarPerm extractEntry tests/files/background-position.css.min
321 silly gunzTarPerm extractEntry tests/files/charset-media.css.min
322 silly gunzTarPerm extractEntry tests/files/bug2527998.css.min
323 silly gunzTarPerm extractEntry tests/files/preserve-new-line.css.min
324 silly gunzTarPerm extractEntry tests/files/dataurl-realdata-singlequotes.css
325 silly gunzTarPerm extractEntry tests/files/dataurl-base64-noquotes.css
326 silly gunzTarPerm extractEntry tests/files/concat-charset.css
327 silly gunzTarPerm extractEntry tests/files/concat-charset.css.min
328 silly gunzTarPerm extractEntry tests/files/charset-media.css
329 silly gunzTarPerm extractEntry tests/files/media-test.css.min
330 silly gunzTarPerm extractEntry tests/files/preserve-case.css
331 silly gunzTarPerm extractEntry tests/files/comment.css
332 silly gunzTarPerm extractEntry tests/files/dataurl-base64-linebreakindata.css.min
333 silly gunzTarPerm extractEntry tests/files/dataurl-singlequote-font.css.min
334 silly gunzTarPerm extractEntry tests/files/media-empty-class.css.min
335 silly gunzTarPerm extractEntry tests/files/media-multi.css
336 silly gunzTarPerm extractEntry tests/files/dataurl-realdata-yuiapp.css
337 silly gunzTarPerm extractEntry tests/files/bug2528034.css
338 silly gunzTarPerm extractEntry tests/files/ie5mac.css
339 silly gunzTarPerm extractEntry tests/files/star-underscore-hacks.css
340 silly gunzTarPerm extractEntry tests/files/dataurl-noquote-multiline-font.css
341 silly gunzTarPerm extractEntry tests/files/star-underscore-hacks.css.min
342 silly gunzTarPerm extractEntry tests/files/dataurl-nonbase64-doublequotes.css.min
343 silly gunzTarPerm extractEntry tests/files/dataurl-nonbase64-noquotes.css
344 silly gunzTarPerm extractEntry tests/files/special/linebreakpos.css.min
345 silly gunzTarPerm extractEntry tests/files/special/linebreakpos.css
346 silly gunzTarPerm extractEntry tests/files/box-model-hack.css.min
347 silly gunzTarPerm extractEntry tests/files/dataurl-base64-doublequotes.css
348 silly gunzTarPerm extractEntry tests/files/color-simple.css.min
349 silly gunzTarPerm extractEntry tests/files/string-in-comment.css.min
350 silly gunzTarPerm extractEntry tests/files/dataurl-base64-noquotes.css.min
351 silly gunzTarPerm extractEntry tests/files/dataurl-dbquote-font.css
352 silly gunzTarPerm extractEntry tests/files/webkit-transform.css
353 silly gunzTarPerm extractEntry tests/files/color-simple.css
354 silly gunzTarPerm extractEntry tests/files/border-none.css.min
355 silly gunzTarPerm extractEntry tests/files/box-model-hack.css
356 silly gunzTarPerm extractEntry tests/files/dataurl-base64-linebreakindata.css
357 silly gunzTarPerm extractEntry tests/files/bug2527974.css.min
358 silly gunzTarPerm extractEntry tests/files/dataurl-noquote-multiline-font.css.min
359 silly gunzTarPerm extractEntry tests/files/dataurl-dbquote-font.css.min
360 silly gunzTarPerm extractEntry tests/files/zeros.css.min
361 silly gunzTarPerm extractEntry tests/files/dataurl-base64-doublequotes.css.min
362 silly gunzTarPerm extractEntry tests/files/dataurl-realdata-noquotes.css.min
363 silly gunzTarPerm extractEntry tests/files/ie5mac.css.min
364 silly gunzTarPerm extractEntry tests/files/preserve-new-line.css
365 silly gunzTarPerm extractEntry tests/files/font-face.css.min
366 silly gunzTarPerm extractEntry tests/files/dataurl-nonbase64-singlequotes.css.min
367 silly gunzTarPerm extractEntry tests/files/preserve-case.css.min
368 silly gunzTarPerm extractEntry tests/files/pseudo.css
369 silly gunzTarPerm extractEntry tests/files/special-comments.css
370 silly gunzTarPerm extractEntry tests/files/color.css
371 silly gunzTarPerm extractEntry tests/files/comment.css.min
372 silly gunzTarPerm extractEntry tests/files/bug2527991.css
373 silly gunzTarPerm extractEntry tests/files/dollar-header.css
374 silly gunzTarPerm extractEntry tests/files/bug2527998.css
375 silly gunzTarPerm extractEntry tests/files/decimals.css
376 silly gunzTarPerm extractEntry tests/files/string-in-comment.css
377 silly gunzTarPerm extractEntry tests/files/pseudo.css.min
378 silly gunzTarPerm extractEntry tests/files/dataurl-nonbase64-doublequotes.css
379 silly gunzTarPerm extractEntry tests/files/opacity-filter.css
380 silly gunzTarPerm extractEntry tests/files/dataurl-base64-twourls.css.min
381 silly gunzTarPerm extractEntry tests/files/dataurl-base64-eof.css.min
382 silly gunzTarPerm extractEntry tests/files/pseudo-first.css
383 silly gunzTarPerm extractEntry tests/files/media-multi.css.min
384 silly gunzTarPerm extractEntry tests/files/preserve-strings.css
385 silly gunzTarPerm extractEntry tests/files/zeros.css
386 silly gunzTarPerm extractEntry tests/files/decimals.css.min
387 silly gunzTarPerm extractEntry bin/cssmin
388 verbose read json /Users/tsifi89/tmp/npm-14192/1363865661167-0.7127385442145169/package/package.json
389 silly lockFile 7ff390c8-61167-0-7127385442145169-package /Users/tsifi89/tmp/npm-14192/1363865661167-0.7127385442145169/package
390 verbose from cache /Users/tsifi89/tmp/npm-14192/1363865661167-0.7127385442145169/package/package.json
391 verbose tar pack [ '/Users/tsifi89/.npm/ycssmin/1.0.1/package.tgz',
391 verbose tar pack   '/Users/tsifi89/tmp/npm-14192/1363865661167-0.7127385442145169/package' ]
392 verbose tarball /Users/tsifi89/.npm/ycssmin/1.0.1/package.tgz
393 verbose folder /Users/tsifi89/tmp/npm-14192/1363865661167-0.7127385442145169/package
394 silly lockFile d98a77a9-89-npm-ycssmin-1-0-1-package-tgz /Users/tsifi89/.npm/ycssmin/1.0.1/package.tgz
395 verbose lock /Users/tsifi89/.npm/ycssmin/1.0.1/package.tgz /Users/tsifi89/.npm/d98a77a9-89-npm-ycssmin-1-0-1-package-tgz.lock
396 silly lockFile d98a77a9-89-npm-ycssmin-1-0-1-package-tgz /Users/tsifi89/.npm/ycssmin/1.0.1/package.tgz
397 silly lockFile 201ac93f-sifi89-npm-ycssmin-1-0-1-package /Users/tsifi89/.npm/ycssmin/1.0.1/package
398 verbose lock /Users/tsifi89/.npm/ycssmin/1.0.1/package /Users/tsifi89/.npm/201ac93f-sifi89-npm-ycssmin-1-0-1-package.lock
399 silly lockFile 201ac93f-sifi89-npm-ycssmin-1-0-1-package /Users/tsifi89/.npm/ycssmin/1.0.1/package
400 verbose tar unpack /Users/tsifi89/.npm/ycssmin/1.0.1/package.tgz
401 silly lockFile 201ac93f-sifi89-npm-ycssmin-1-0-1-package /Users/tsifi89/.npm/ycssmin/1.0.1/package
402 verbose lock /Users/tsifi89/.npm/ycssmin/1.0.1/package /Users/tsifi89/.npm/201ac93f-sifi89-npm-ycssmin-1-0-1-package.lock
403 silly gunzTarPerm modes [ '755', '644' ]
404 silly gunzTarPerm extractEntry package.json
405 silly gunzTarPerm extractEntry .npmignore
406 silly gunzTarPerm extractEntry README.md
407 silly gunzTarPerm extractEntry LICENSE
408 silly gunzTarPerm extractEntry cssmin.js
409 silly gunzTarPerm extractEntry .travis.yml
410 silly gunzTarPerm extractEntry bin/cssmin
411 silly gunzTarPerm extractEntry Makefile
412 silly gunzTarPerm extractEntry tests/tests.js
413 silly gunzTarPerm extractEntry tests/files/dataurl-realdata-doublequotes.css
414 silly gunzTarPerm extractEntry tests/files/background-position.css
415 silly gunzTarPerm extractEntry tests/files/border-none.css
416 silly gunzTarPerm extractEntry tests/files/border-none.css.min
417 silly gunzTarPerm extractEntry tests/files/box-model-hack.css
418 silly gunzTarPerm extractEntry tests/files/box-model-hack.css.min
419 silly gunzTarPerm extractEntry tests/files/bug2527974.css
420 silly gunzTarPerm extractEntry tests/files/bug2527974.css.min
421 silly gunzTarPerm extractEntry tests/files/bug2527991.css
422 silly gunzTarPerm extractEntry tests/files/bug2527991.css.min
423 silly gunzTarPerm extractEntry tests/files/bug2527998.css
424 silly gunzTarPerm extractEntry tests/files/bug2527998.css.min
425 silly gunzTarPerm extractEntry tests/files/bug2528034.css
426 silly gunzTarPerm extractEntry tests/files/bug2528034.css.min
427 silly gunzTarPerm extractEntry tests/files/charset-media.css
428 silly gunzTarPerm extractEntry tests/files/charset-media.css.min
429 silly gunzTarPerm extractEntry tests/files/color-simple.css
430 silly gunzTarPerm extractEntry tests/files/color-simple.css.min
431 silly gunzTarPerm extractEntry tests/files/color.css
432 silly gunzTarPerm extractEntry tests/files/color.css.min
433 silly gunzTarPerm extractEntry tests/files/comment.css
434 silly gunzTarPerm extractEntry tests/files/comment.css.min
435 silly gunzTarPerm extractEntry tests/files/concat-charset.css
436 silly gunzTarPerm extractEntry tests/files/concat-charset.css.min
437 silly gunzTarPerm extractEntry tests/files/dataurl-base64-doublequotes.css
438 silly gunzTarPerm extractEntry tests/files/dataurl-base64-doublequotes.css.min
439 silly gunzTarPerm extractEntry tests/files/dataurl-base64-eof.css
440 silly gunzTarPerm extractEntry tests/files/dataurl-base64-eof.css.min
441 silly gunzTarPerm extractEntry tests/files/dataurl-base64-linebreakindata.css
442 silly gunzTarPerm extractEntry tests/files/dataurl-base64-linebreakindata.css.min
443 silly gunzTarPerm extractEntry tests/files/dataurl-base64-noquotes.css
444 silly gunzTarPerm extractEntry tests/files/dataurl-base64-noquotes.css.min
445 silly gunzTarPerm extractEntry tests/files/dataurl-base64-singlequotes.css
446 silly gunzTarPerm extractEntry tests/files/dataurl-base64-singlequotes.css.min
447 silly gunzTarPerm extractEntry tests/files/dataurl-base64-twourls.css
448 silly gunzTarPerm extractEntry tests/files/dataurl-base64-twourls.css.min
449 silly gunzTarPerm extractEntry tests/files/dataurl-dbquote-font.css
450 silly gunzTarPerm extractEntry tests/files/dataurl-dbquote-font.css.min
451 silly gunzTarPerm extractEntry tests/files/dataurl-nonbase64-doublequotes.css
452 silly gunzTarPerm extractEntry tests/files/dataurl-nonbase64-doublequotes.css.min
453 silly gunzTarPerm extractEntry tests/files/dataurl-nonbase64-noquotes.css
454 silly gunzTarPerm extractEntry tests/files/dataurl-nonbase64-noquotes.css.min
455 silly gunzTarPerm extractEntry tests/files/dataurl-nonbase64-singlequotes.css
456 silly gunzTarPerm extractEntry tests/files/dataurl-nonbase64-singlequotes.css.min
457 silly gunzTarPerm extractEntry tests/files/dataurl-noquote-multiline-font.css
458 silly gunzTarPerm extractEntry tests/files/dataurl-noquote-multiline-font.css.min
459 silly gunzTarPerm extractEntry tests/files/background-position.css.min
460 silly gunzTarPerm extractEntry tests/files/dataurl-realdata-doublequotes.css.min
461 silly gunzTarPerm extractEntry tests/files/dataurl-realdata-noquotes.css
462 silly gunzTarPerm extractEntry tests/files/dataurl-realdata-noquotes.css.min
463 silly gunzTarPerm extractEntry tests/files/dataurl-realdata-singlequotes.css
464 silly gunzTarPerm extractEntry tests/files/dataurl-realdata-singlequotes.css.min
465 silly gunzTarPerm extractEntry tests/files/dataurl-realdata-yuiapp.css
466 silly gunzTarPerm extractEntry tests/files/dataurl-realdata-yuiapp.css.min
467 silly gunzTarPerm extractEntry tests/files/dataurl-singlequote-font.css
468 silly gunzTarPerm extractEntry tests/files/dataurl-singlequote-font.css.min
469 silly gunzTarPerm extractEntry tests/files/decimals.css
470 silly gunzTarPerm extractEntry tests/files/decimals.css.min
471 silly gunzTarPerm extractEntry tests/files/dollar-header.css
472 silly gunzTarPerm extractEntry tests/files/dollar-header.css.min
473 silly gunzTarPerm extractEntry tests/files/font-face.css
474 silly gunzTarPerm extractEntry tests/files/font-face.css.min
475 silly gunzTarPerm extractEntry tests/files/ie5mac.css
476 silly gunzTarPerm extractEntry tests/files/ie5mac.css.min
477 silly gunzTarPerm extractEntry tests/files/media-empty-class.css
478 silly gunzTarPerm extractEntry tests/files/media-empty-class.css.min
479 silly gunzTarPerm extractEntry tests/files/media-multi.css
480 silly gunzTarPerm extractEntry tests/files/media-multi.css.min
481 silly gunzTarPerm extractEntry tests/files/media-test.css
482 silly gunzTarPerm extractEntry tests/files/media-test.css.min
483 silly gunzTarPerm extractEntry tests/files/opacity-filter.css
484 silly gunzTarPerm extractEntry tests/files/opacity-filter.css.min
485 silly gunzTarPerm extractEntry tests/files/preserve-case.css
486 silly gunzTarPerm extractEntry tests/files/preserve-case.css.min
487 silly gunzTarPerm extractEntry tests/files/preserve-new-line.css
488 silly gunzTarPerm extractEntry tests/files/preserve-new-line.css.min
489 silly gunzTarPerm extractEntry tests/files/preserve-strings.css
490 silly gunzTarPerm extractEntry tests/files/preserve-strings.css.min
491 silly gunzTarPerm extractEntry tests/files/pseudo-first.css
492 silly gunzTarPerm extractEntry tests/files/pseudo-first.css.min
493 silly gunzTarPerm extractEntry tests/files/pseudo.css
494 silly gunzTarPerm extractEntry tests/files/pseudo.css.min
495 silly gunzTarPerm extractEntry tests/files/special/linebreakpos.css
496 silly gunzTarPerm extractEntry tests/files/special/linebreakpos.css.min
497 silly gunzTarPerm extractEntry tests/files/special-comments.css
498 silly gunzTarPerm extractEntry tests/files/special-comments.css.min
499 silly gunzTarPerm extractEntry tests/files/star-underscore-hacks.css
500 silly gunzTarPerm extractEntry tests/files/star-underscore-hacks.css.min
501 silly gunzTarPerm extractEntry tests/files/string-in-comment.css
502 silly gunzTarPerm extractEntry tests/files/string-in-comment.css.min
503 silly gunzTarPerm extractEntry tests/files/webkit-transform.css
504 silly gunzTarPerm extractEntry tests/files/webkit-transform.css.min
505 silly gunzTarPerm extractEntry tests/files/zeros.css
506 silly gunzTarPerm extractEntry tests/files/zeros.css.min
507 verbose read json /Users/tsifi89/.npm/ycssmin/1.0.1/package/package.json
508 silly lockFile 201ac93f-sifi89-npm-ycssmin-1-0-1-package /Users/tsifi89/.npm/ycssmin/1.0.1/package
509 silly shasum updated bytes 40960
510 silly shasum updated bytes 40960
511 silly shasum updated bytes 40960
512 silly shasum updated bytes 40960
513 silly shasum updated bytes 40960
514 silly shasum updated bytes 31592
515 info shasum 8083154c97abc7df620aa9f93d64e782f3673778
515 info shasum /Users/tsifi89/.npm/ycssmin/1.0.1/package.tgz
516 verbose from cache /Users/tsifi89/.npm/ycssmin/1.0.1/package/package.json
517 verbose chmod /Users/tsifi89/.npm/ycssmin/1.0.1/package.tgz 644
518 verbose chown /Users/tsifi89/.npm/ycssmin/1.0.1/package.tgz [ 501, 20 ]
519 silly lockFile e195d24c-js-org-ycssmin-ycssmin-1-0-1-tgz https://registry.npmjs.org/ycssmin/-/ycssmin-1.0.1.tgz
520 silly lockFile 5f8c430f-ycssmin-1-0-1 ycssmin@1.0.1
521 silly lockFile 4d453523-ycssmin-1-0-1 ycssmin@>=1.0.1
522 silly resolved [ { name: 'ycssmin',
522 silly resolved     version: '1.0.1',
522 silly resolved     description: 'CSS Minification from YUICompressor',
522 silly resolved     main: './cssmin',
522 silly resolved     bin: { ycssmin: './bin/cssmin' },
522 silly resolved     devDependencies:
522 silly resolved      { 'yui-lint': '~0.1.1',
522 silly resolved        jshint: '~0.9.0',
522 silly resolved        istanbul: '~0.1.8',
522 silly resolved        vows: '*' },
522 silly resolved     author: { name: 'Dav Glass', email: 'davglass@gmail.com' },
522 silly resolved     contributors: [ [Object], [Object], [Object] ],
522 silly resolved     keywords: [ 'minify', 'cssmin', 'compressor', 'yuicompressor' ],
522 silly resolved     scripts:
522 silly resolved      { pretest: 'jshint --config ./node_modules/yui-lint/jshint.json cssmin.js package.json',
522 silly resolved        test: 'istanbul cover --print both -- vows --spec ./tests/*.js' },
522 silly resolved     repository: { type: 'git', url: 'http://github.com/yui/ycssmin.git' },
522 silly resolved     preferGlobal: 'true',
522 silly resolved     bugs: { url: 'http://github.com/yui/ycssmin/issues' },
522 silly resolved     licenses: [ [Object] ],
522 silly resolved     readme: 'CSSMin\n======\n\nThis project is a fork of [jbleuzen/node-cssmin](https://github.com/jbleuzen/node-cssmin).\n\nIt was originally based on the javascript for of the css minification tool used inside of \n[YUICompressor](https://github.com/yui/yuicompressor) based on code from Stoyan Stefanov and Isaac Schlueter.\n\nWe forked this project in order to maintain and up keep it on a regular basis.\n\n\nInstallation\n------------\n\nYou can either download the plugin and unzip it into to your project folder or you can use npm to install the `ycssmin` package.\n\n`npm -g i ycssmin`\n\nBuild Status\n------------\n\n[![Build Status](https://secure.travis-ci.org/yui/ycssmin.png)](http://travis-ci.org/yui/ycssmin)\n\nTesting\n-------\n\nClone this repo:\n\n`npm test`\n\nCode Coverage\n-------------\n\nWe are using [istanbul](https://github.com/gotwarlost/istanbul) to provide code coverage, to view the report:\n\n`npm test`\n\nThen open `./coverage/lcov-report`\n\nWe also publish the [latest here](http://yui.github.com/ycssmin/).\n\nWe ask that all patches have a test attached and full coverage.\n\nUsage\n-----\n\nThe module exports the cssmin function, so you can use it with: \n\n`var cssmin = require(\'ycssmin\').cssmin;`\n\nThe function cssmin takes two arguments:\n* `input` : the CSS content you want to minimize.\n* `linebreakpos` : the number of characters before the end of the line. If empty, the output will have only one line.\n\t\nExample :\n\n```javascript\nvar fs = require(\'fs\'),\n    cssmin = require(\'ycssmin\').cssmin,\n    css = fs.readFileSync("/Any/Random/CSS/File.css", encoding=\'utf8\'),\n    min = cssmin(css);\n\nconsole.log(min);\n```\n\nLicense\n-------\n\n    Copyright 2012 Yahoo! Inc.\n    All rights reserved.\n\n    Redistribution and use in source and binary forms, with or without\n    modification, are permitted provided that the following conditions are met:\n        * Redistributions of source code must retain the above copyright\n          notice, this list of conditions and the following disclaimer.\n        * Redistributions in binary form must reproduce the above copyright\n          notice, this list of conditions and the following disclaimer in the\n          documentation and/or other materials provided with the distribution.\n        * Neither the name of the Yahoo! Inc. nor the\n          names of its contributors may be used to endorse or promote products\n          derived from this software without specific prior written permission.\n\n    THIS SOFTWARE IS PROVIDED BY THE COPYRIGHT HOLDERS AND CONTRIBUTORS "AS IS" AND\n    ANY EXPRESS OR IMPLIED WARRANTIES, INCLUDING, BUT NOT LIMITED TO, THE IMPLIED\n    WARRANTIES OF MERCHANTABILITY AND FITNESS FOR A PARTICULAR PURPOSE ARE\n    DISCLAIMED. IN NO EVENT SHALL YAHOO! INC. BE LIABLE FOR ANY\n    DIRECT, INDIRECT, INCIDENTAL, SPECIAL, EXEMPLARY, OR CONSEQUENTIAL DAMAGES\n    (INCLUDING, BUT NOT LIMITED TO, PROCUREMENT OF SUBSTITUTE GOODS OR SERVICES;\n    LOSS OF USE, DATA, OR PROFITS; OR BUSINESS INTERRUPTION) HOWEVER CAUSED AND\n    ON ANY THEORY OF LIABILITY, WHETHER IN CONTRACT, STRICT LIABILITY, OR TORT\n    (INCLUDING NEGLIGENCE OR OTHERWISE) ARISING IN ANY WAY OUT OF THE USE OF THIS\n    SOFTWARE, EVEN IF ADVISED OF THE POSSIBILITY OF SUCH DAMAGE.\n\nThanks\n------\n\nThanks to Johan BLEUZEN for originally porting this to node.js\n',
522 silly resolved     readmeFilename: 'README.md',
522 silly resolved     _id: 'ycssmin@1.0.1',
522 silly resolved     dist: { shasum: '8083154c97abc7df620aa9f93d64e782f3673778' },
522 silly resolved     _from: 'ycssmin@>=1.0.1' } ]
523 info install ycssmin@1.0.1 into /usr/local/lib/node_modules/less
524 info installOne ycssmin@1.0.1
525 verbose from cache /Users/tsifi89/.npm/ycssmin/1.0.1/package/package.json
526 info /usr/local/lib/node_modules/less/node_modules/ycssmin unbuild
527 verbose read json /usr/local/lib/node_modules/less/node_modules/ycssmin/package.json
528 verbose tar unpack /Users/tsifi89/.npm/ycssmin/1.0.1/package.tgz
529 silly lockFile b885eb53-odules-less-node-modules-ycssmin /usr/local/lib/node_modules/less/node_modules/ycssmin
530 verbose lock /usr/local/lib/node_modules/less/node_modules/ycssmin /Users/tsifi89/.npm/b885eb53-odules-less-node-modules-ycssmin.lock
531 silly gunzTarPerm modes [ '755', '644' ]
532 silly gunzTarPerm extractEntry package.json
533 silly gunzTarPerm extractEntry .npmignore
534 silly gunzTarPerm extractEntry README.md
535 silly gunzTarPerm extractEntry LICENSE
536 silly gunzTarPerm extractEntry cssmin.js
537 silly gunzTarPerm extractEntry .travis.yml
538 silly gunzTarPerm extractEntry bin/cssmin
539 silly gunzTarPerm extractEntry Makefile
540 silly gunzTarPerm extractEntry tests/tests.js
541 silly gunzTarPerm extractEntry tests/files/dataurl-realdata-doublequotes.css
542 silly gunzTarPerm extractEntry tests/files/background-position.css
543 silly gunzTarPerm extractEntry tests/files/border-none.css
544 silly gunzTarPerm extractEntry tests/files/border-none.css.min
545 silly gunzTarPerm extractEntry tests/files/box-model-hack.css
546 silly gunzTarPerm extractEntry tests/files/box-model-hack.css.min
547 silly gunzTarPerm extractEntry tests/files/bug2527974.css
548 silly gunzTarPerm extractEntry tests/files/bug2527974.css.min
549 silly gunzTarPerm extractEntry tests/files/bug2527991.css
550 silly gunzTarPerm extractEntry tests/files/bug2527991.css.min
551 silly gunzTarPerm extractEntry tests/files/bug2527998.css
552 silly gunzTarPerm extractEntry tests/files/bug2527998.css.min
553 silly gunzTarPerm extractEntry tests/files/bug2528034.css
554 silly gunzTarPerm extractEntry tests/files/bug2528034.css.min
555 silly gunzTarPerm extractEntry tests/files/charset-media.css
556 silly gunzTarPerm extractEntry tests/files/charset-media.css.min
557 silly gunzTarPerm extractEntry tests/files/color-simple.css
558 silly gunzTarPerm extractEntry tests/files/color-simple.css.min
559 silly gunzTarPerm extractEntry tests/files/color.css
560 silly gunzTarPerm extractEntry tests/files/color.css.min
561 silly gunzTarPerm extractEntry tests/files/comment.css
562 silly gunzTarPerm extractEntry tests/files/comment.css.min
563 silly gunzTarPerm extractEntry tests/files/concat-charset.css
564 silly gunzTarPerm extractEntry tests/files/concat-charset.css.min
565 silly gunzTarPerm extractEntry tests/files/dataurl-base64-doublequotes.css
566 silly gunzTarPerm extractEntry tests/files/dataurl-base64-doublequotes.css.min
567 silly gunzTarPerm extractEntry tests/files/dataurl-base64-eof.css
568 silly gunzTarPerm extractEntry tests/files/dataurl-base64-eof.css.min
569 silly gunzTarPerm extractEntry tests/files/dataurl-base64-linebreakindata.css
570 silly gunzTarPerm extractEntry tests/files/dataurl-base64-linebreakindata.css.min
571 silly gunzTarPerm extractEntry tests/files/dataurl-base64-noquotes.css
572 silly gunzTarPerm extractEntry tests/files/dataurl-base64-noquotes.css.min
573 silly gunzTarPerm extractEntry tests/files/dataurl-base64-singlequotes.css
574 silly gunzTarPerm extractEntry tests/files/dataurl-base64-singlequotes.css.min
575 silly gunzTarPerm extractEntry tests/files/dataurl-base64-twourls.css
576 silly gunzTarPerm extractEntry tests/files/dataurl-base64-twourls.css.min
577 silly gunzTarPerm extractEntry tests/files/dataurl-dbquote-font.css
578 silly gunzTarPerm extractEntry tests/files/dataurl-dbquote-font.css.min
579 silly gunzTarPerm extractEntry tests/files/dataurl-nonbase64-doublequotes.css
580 silly gunzTarPerm extractEntry tests/files/dataurl-nonbase64-doublequotes.css.min
581 silly gunzTarPerm extractEntry tests/files/dataurl-nonbase64-noquotes.css
582 silly gunzTarPerm extractEntry tests/files/dataurl-nonbase64-noquotes.css.min
583 silly gunzTarPerm extractEntry tests/files/dataurl-nonbase64-singlequotes.css
584 silly gunzTarPerm extractEntry tests/files/dataurl-nonbase64-singlequotes.css.min
585 silly gunzTarPerm extractEntry tests/files/dataurl-noquote-multiline-font.css
586 silly gunzTarPerm extractEntry tests/files/dataurl-noquote-multiline-font.css.min
587 silly gunzTarPerm extractEntry tests/files/background-position.css.min
588 silly gunzTarPerm extractEntry tests/files/dataurl-realdata-doublequotes.css.min
589 silly gunzTarPerm extractEntry tests/files/dataurl-realdata-noquotes.css
590 silly gunzTarPerm extractEntry tests/files/dataurl-realdata-noquotes.css.min
591 silly gunzTarPerm extractEntry tests/files/dataurl-realdata-singlequotes.css
592 silly gunzTarPerm extractEntry tests/files/dataurl-realdata-singlequotes.css.min
593 silly gunzTarPerm extractEntry tests/files/dataurl-realdata-yuiapp.css
594 silly gunzTarPerm extractEntry tests/files/dataurl-realdata-yuiapp.css.min
595 silly gunzTarPerm extractEntry tests/files/dataurl-singlequote-font.css
596 silly gunzTarPerm extractEntry tests/files/dataurl-singlequote-font.css.min
597 silly gunzTarPerm extractEntry tests/files/decimals.css
598 silly gunzTarPerm extractEntry tests/files/decimals.css.min
599 silly gunzTarPerm extractEntry tests/files/dollar-header.css
600 silly gunzTarPerm extractEntry tests/files/dollar-header.css.min
601 silly gunzTarPerm extractEntry tests/files/font-face.css
602 silly gunzTarPerm extractEntry tests/files/font-face.css.min
603 silly gunzTarPerm extractEntry tests/files/ie5mac.css
604 silly gunzTarPerm extractEntry tests/files/ie5mac.css.min
605 silly gunzTarPerm extractEntry tests/files/media-empty-class.css
606 silly gunzTarPerm extractEntry tests/files/media-empty-class.css.min
607 silly gunzTarPerm extractEntry tests/files/media-multi.css
608 silly gunzTarPerm extractEntry tests/files/media-multi.css.min
609 silly gunzTarPerm extractEntry tests/files/media-test.css
610 silly gunzTarPerm extractEntry tests/files/media-test.css.min
611 silly gunzTarPerm extractEntry tests/files/opacity-filter.css
612 silly gunzTarPerm extractEntry tests/files/opacity-filter.css.min
613 silly gunzTarPerm extractEntry tests/files/preserve-case.css
614 silly gunzTarPerm extractEntry tests/files/preserve-case.css.min
615 silly gunzTarPerm extractEntry tests/files/preserve-new-line.css
616 silly gunzTarPerm extractEntry tests/files/preserve-new-line.css.min
617 silly gunzTarPerm extractEntry tests/files/preserve-strings.css
618 silly gunzTarPerm extractEntry tests/files/preserve-strings.css.min
619 silly gunzTarPerm extractEntry tests/files/pseudo-first.css
620 silly gunzTarPerm extractEntry tests/files/pseudo-first.css.min
621 silly gunzTarPerm extractEntry tests/files/pseudo.css
622 silly gunzTarPerm extractEntry tests/files/pseudo.css.min
623 silly gunzTarPerm extractEntry tests/files/special/linebreakpos.css
624 silly gunzTarPerm extractEntry tests/files/special/linebreakpos.css.min
625 silly gunzTarPerm extractEntry tests/files/special-comments.css
626 silly gunzTarPerm extractEntry tests/files/special-comments.css.min
627 silly gunzTarPerm extractEntry tests/files/star-underscore-hacks.css
628 silly gunzTarPerm extractEntry tests/files/star-underscore-hacks.css.min
629 silly gunzTarPerm extractEntry tests/files/string-in-comment.css
630 silly gunzTarPerm extractEntry tests/files/string-in-comment.css.min
631 silly gunzTarPerm extractEntry tests/files/webkit-transform.css
632 silly gunzTarPerm extractEntry tests/files/webkit-transform.css.min
633 silly gunzTarPerm extractEntry tests/files/zeros.css
634 silly gunzTarPerm extractEntry tests/files/zeros.css.min
635 verbose read json /usr/local/lib/node_modules/less/node_modules/ycssmin/package.json
636 silly lockFile b885eb53-odules-less-node-modules-ycssmin /usr/local/lib/node_modules/less/node_modules/ycssmin
637 info preinstall ycssmin@1.0.1
638 verbose from cache /usr/local/lib/node_modules/less/node_modules/ycssmin/package.json
639 verbose readDependencies using package.json deps
640 verbose from cache /usr/local/lib/node_modules/less/node_modules/ycssmin/package.json
641 verbose readDependencies using package.json deps
642 silly resolved []
643 verbose about to build /usr/local/lib/node_modules/less/node_modules/ycssmin
644 info build /usr/local/lib/node_modules/less/node_modules/ycssmin
645 verbose from cache /usr/local/lib/node_modules/less/node_modules/ycssmin/package.json
646 verbose linkStuff [ true,
646 verbose linkStuff   '/usr/local/lib/node_modules',
646 verbose linkStuff   false,
646 verbose linkStuff   '/usr/local/lib/node_modules/less/node_modules' ]
647 info linkStuff ycssmin@1.0.1
648 verbose linkBins ycssmin@1.0.1
649 verbose link bins [ { ycssmin: './bin/cssmin' },
649 verbose link bins   '/usr/local/lib/node_modules/less/node_modules/.bin',
649 verbose link bins   false ]
650 verbose linkMans ycssmin@1.0.1
651 verbose rebuildBundles ycssmin@1.0.1
652 info install ycssmin@1.0.1
653 info postinstall ycssmin@1.0.1
654 verbose about to build /usr/local/lib/node_modules/less
655 info build /usr/local/lib/node_modules/less
656 verbose from cache /usr/local/lib/node_modules/less/package.json
657 verbose linkStuff [ true,
657 verbose linkStuff   '/usr/local/lib/node_modules',
657 verbose linkStuff   true,
657 verbose linkStuff   '/usr/local/lib/node_modules' ]
658 info linkStuff less@1.3.3
659 verbose linkBins less@1.3.3
660 verbose link bins [ { lessc: './bin/lessc' }, '/usr/local/bin', true ]
661 verbose linkMans less@1.3.3
662 verbose rebuildBundles less@1.3.3
663 verbose rebuildBundles [ '.bin', 'ycssmin' ]
664 info /usr/local/lib/node_modules/less unbuild
665 verbose from cache /usr/local/lib/node_modules/less/package.json
666 info preuninstall less@1.3.3
667 info uninstall less@1.3.3
668 verbose true,/usr/local/lib/node_modules,/usr/local/lib/node_modules unbuild less@1.3.3
669 verbose /usr/local/bin,[object Object] binRoot
670 info postuninstall less@1.3.3
671 error Refusing to delete: /usr/local/bin/lessc not in /usr/local/lib/node_modules/less
File exists: /usr/local/bin/lessc
Move it away, and try again.
672 error System Darwin 11.4.2
673 error command "node" "/usr/local/bin/npm" "install" "-g" "less"
674 error cwd /Library/WebServer/Documents/git/wysihtml5-styled
675 error node -v v0.8.16
676 error npm -v 1.1.69
677 error path /usr/local/bin/lessc
678 error code EEXIST
679 verbose exit [ 1, true ]
